  main.cpp
source\main.cpp(185): warning C4244: 'initializing': conversion from 'lua_Number' to 'float', possible loss of data
source\main.cpp(186): warning C4244: 'initializing': conversion from 'lua_Number' to 'float', possible loss of data
source\main.cpp(187): warning C4244: 'initializing': conversion from 'lua_Number' to 'float', possible loss of data
source\main.cpp(188): warning C4244: 'initializing': conversion from 'lua_Number' to 'float', possible loss of data
source\main.cpp(189): warning C4244: 'initializing': conversion from 'lua_Number' to 'float', possible loss of data
source\main.cpp(190): warning C4244: 'initializing': conversion from 'lua_Number' to 'float', possible loss of data
source\main.cpp(191): warning C4244: 'initializing': conversion from 'lua_Number' to 'float', possible loss of data
source\main.cpp(192): warning C4244: 'initializing': conversion from 'lua_Number' to 'float', possible loss of data
source\main.cpp(193): warning C4244: 'initializing': conversion from 'lua_Number' to 'float', possible loss of data
  Generating code
  1 of 63 functions ( 1.6%) were compiled, the rest were copied from previous compilation.
    0 functions were new in current compilation
    0 functions had inline decision re-evaluated but remain unchanged
  Finished generating code
  Engine.vcxproj -> C:\Users\Ash\Documents\Visual Studio 2015\Projects\MyEngine\bin\Engine\Win32\Release\Engine.exe
  Engine.vcxproj -> C:\Users\Ash\Documents\Visual Studio 2015\Projects\MyEngine\bin\Engine\Win32\Release\Engine.pdb (Full PDB)
  C:\Users\Ash\Documents\Visual Studio 2015\Projects\MyEngine\lib\Win32\glew32.dll
  C:\Users\Ash\Documents\Visual Studio 2015\Projects\MyEngine\lib\Win32\glfw3.dll
  C:\Users\Ash\Documents\Visual Studio 2015\Projects\MyEngine\lib\Win32\lua5.1.dll
  C:\Users\Ash\Documents\Visual Studio 2015\Projects\MyEngine\lib\Win32\lua53.dll
  4 File(s) copied
